\BOOKMARK [1][-]{Doc-Start}{Abstract}{}% 1
\BOOKMARK [1][-]{section*.1}{Acknowledgments}{}% 2
\BOOKMARK [1][-]{section.1}{Introduction}{}% 3
\BOOKMARK [1][-]{section.2}{Conceptualizing Power-Sharing}{}% 4
\BOOKMARK [2][-]{subsection.2.1}{Segmental Autonomy}{section.2}% 5
\BOOKMARK [2][-]{subsection.2.2}{Partition, Power-Dividing, and Ethnofederalism}{section.2}% 6
\BOOKMARK [2][-]{subsection.2.3}{Mapping Power-Sharing Concepts}{section.2}% 7
\BOOKMARK [1][-]{section.3}{Theory and Hypothesis}{}% 8
\BOOKMARK [2][-]{subsubsection.3.0.1}{Proliferation of Focal Points}{section.3}% 9
\BOOKMARK [3][-]{subsubsection.3.0.2}{Targeted Concessions to Regional Minorities}{subsubsection.3.0.1}% 10
\BOOKMARK [3][-]{subsubsection.3.0.3}{Checks and Balances on the Central Government}{subsubsection.3.0.1}% 11
\BOOKMARK [3][-]{subsubsection.3.0.4}{Interactions Between Provisions}{subsubsection.3.0.1}% 12
\BOOKMARK [3][-]{subsubsection.3.0.5}{Alternative Mechanisms}{subsubsection.3.0.1}% 13
\BOOKMARK [1][-]{section.4}{Controlled Case Study: Segmental Autonomy in Mali and Niger}{}% 14
\BOOKMARK [1][-]{section.5}{Quantitative Methodology}{}% 15
\BOOKMARK [2][-]{subsection.5.1}{Data Collection}{section.5}% 16
\BOOKMARK [2][-]{subsection.5.2}{Measurements}{section.5}% 17
\BOOKMARK [3][-]{subsubsection.5.2.1}{Dependent Variables}{subsection.5.2}% 18
\BOOKMARK [3][-]{subsubsection.5.2.2}{Independent Variables}{subsection.5.2}% 19
\BOOKMARK [3][-]{subsubsection.5.2.3}{Control Variables}{subsection.5.2}% 20
\BOOKMARK [2][-]{subsection.5.3}{Empirical Conceptions of Segmental Autonomy}{section.5}% 21
\BOOKMARK [2][-]{subsection.5.4}{Models}{section.5}% 22
\BOOKMARK [1][-]{section.6}{Results}{}% 23
\BOOKMARK [2][-]{subsection.6.1}{Discussion}{section.6}% 24
\BOOKMARK [2][-]{subsection.6.2}{Robustness Checks}{section.6}% 25
\BOOKMARK [2][-]{subsection.6.3}{Scope and Limitations}{section.6}% 26
\BOOKMARK [1][-]{section.7}{Conclusion}{}% 27
\BOOKMARK [1][-]{section.7}{References}{}% 28
\BOOKMARK [1][-]{section.8}{Appendices}{}% 29
\BOOKMARK [2][-]{subsection.8.1}{Codebook}{section.8}% 30
\BOOKMARK [3][-]{subsubsection.8.1.1}{Basic Country Variables}{subsection.8.1}% 31
\BOOKMARK [3][-]{subsubsection.8.1.2}{Populations}{subsection.8.1}% 32
\BOOKMARK [3][-]{subsubsection.8.1.3}{Democracy and Political System}{subsection.8.1}% 33
\BOOKMARK [3][-]{subsubsection.8.1.4}{Measures of Segmental Autonomy and Authority}{subsection.8.1}% 34
\BOOKMARK [3][-]{subsubsection.8.1.5}{Other Provisions of Power-Sharing}{subsection.8.1}% 35
\BOOKMARK [3][-]{subsubsection.8.1.6}{Conflict}{subsection.8.1}% 36
\BOOKMARK [2][-]{subsection.8.2}{Summary Statistics}{section.8}% 37
\BOOKMARK [3][-]{subsubsection.8.2.1}{Tabulated Summary Statistics}{subsection.8.2}% 38
\BOOKMARK [3][-]{subsubsection.8.2.2}{Map}{subsection.8.2}% 39
\BOOKMARK [3][-]{subsubsection.8.2.3}{Cross-Sectional Time-Series Plots}{subsection.8.2}% 40
\BOOKMARK [3][-]{subsubsection.8.2.4}{Missingness Plots}{subsection.8.2}% 41
\BOOKMARK [2][-]{subsection.8.3}{Ontology}{section.8}% 42
\BOOKMARK [2][-]{subsection.8.4}{Replication Package}{section.8}% 43
